Vivado Simulator 2018.3
Copyright 1986-1999, 2001-2018 Xilinx, Inc. All Rights Reserved.
Running: /home/chairmanpanda/Programs/xilinx/Vivado/2018.3/bin/unwrapped/lnx64.o/xelab -wto c0abffef2b23412a88a5670204f1ebc3 --incr --debug typical --relax --mt 8 -L xil_defaultlib -L secureip --snapshot test_CPU_behav xil_defaultlib.test_CPU -log elaborate.log 
Using 8 slave threads.
Starting static elaboration
WARNING: [VRFC 10-3813] value in initialization depends on signal 'b' [/home/chairmanpanda/codeProject/2019/architure/project_3/project_1.srcs/sources_1/new/arithmeticCircuit.vhd:56]
WARNING: [VRFC 10-3813] value in initialization depends on signal 'b' [/home/chairmanpanda/codeProject/2019/architure/project_3/project_1.srcs/sources_1/new/arithmeticCircuit.vhd:57]
Completed static elaboration
Starting simulation data flow analysis
Completed simulation data flow analysis
Time Resolution for simulation is 1ps
Compiling package std.standard
Compiling package std.textio
Compiling package ieee.std_logic_1164
Compiling package ieee.std_logic_arith
Compiling package ieee.std_logic_unsigned
Compiling architecture behavioral of entity xil_defaultlib.MUXS [muxs_default]
Compiling architecture behavioral of entity xil_defaultlib.instructionRegister [instructionregister_default]
Compiling architecture behavioral of entity xil_defaultlib.programCounter [programcounter_default]
Compiling architecture behavioral of entity xil_defaultlib.MUXC [muxc_default]
Compiling architecture behavioral of entity xil_defaultlib.CAR [car_default]
Compiling architecture behavioral of entity xil_defaultlib.controlMemory [controlmemory_default]
Compiling architecture behavioral of entity xil_defaultlib.controlUnit [controlunit_default]
Compiling architecture behavioral of entity xil_defaultlib.decoder_4to9 [decoder_4to9_default]
Compiling architecture behavioral of entity xil_defaultlib.load_enable [load_enable_default]
Compiling architecture behavioral of entity xil_defaultlib.reg16 [reg16_default]
Compiling architecture behavioral of entity xil_defaultlib.mux9_16bit [mux9_16bit_default]
Compiling architecture behavioral of entity xil_defaultlib.register_file [register_file_default]
Compiling architecture behavioral of entity xil_defaultlib.mux2_16bit [mux2_16bit_default]
Compiling architecture behavioral of entity xil_defaultlib.mux4_16bit [mux4_16bit_default]
Compiling architecture behavioral of entity xil_defaultlib.full_adder [full_adder_default]
Compiling architecture behavioral of entity xil_defaultlib.ripple_carry_adder [ripple_carry_adder_default]
Compiling architecture behavioral of entity xil_defaultlib.overflow_detector [overflow_detector_default]
Compiling architecture behavioral of entity xil_defaultlib.AC [ac_default]
Compiling architecture behavioral of entity xil_defaultlib.LC [lc_default]
Compiling architecture behavioral of entity xil_defaultlib.ALU [alu_default]
Compiling architecture behavioral of entity xil_defaultlib.negative_detector [negative_detector_default]
Compiling architecture behavioral of entity xil_defaultlib.zero_detector [zero_detector_default]
Compiling architecture behavioral of entity xil_defaultlib.mux3_1bit [mux3_1bit_default]
Compiling architecture behavioral of entity xil_defaultlib.Shifter [shifter_default]
Compiling architecture behavioral of entity xil_defaultlib.function_Unit [function_unit_default]
Compiling architecture behavioral of entity xil_defaultlib.dataPath [datapath_default]
Compiling architecture behavioral of entity xil_defaultlib.memory [memory_default]
Compiling architecture behavioral of entity xil_defaultlib.CPU [cpu_default]
Compiling architecture behavioral of entity xil_defaultlib.test_cpu
Built simulation snapshot test_CPU_behav
