#-----------------------------------------------------------
# Vivado v2018.3 (64-bit)
# SW Build 2405991 on Thu Dec  6 23:36:41 MST 2018
# IP Build 2404404 on Fri Dec  7 01:43:56 MST 2018
# Start of session at: Sun Apr 14 19:19:50 2019
# Process ID: 30096
# Current directory: /home/chairmanpanda/codeProject/TCD-CS-ASSIGNMENT-COLLECTION
# Command line: vivado
# Log file: /home/chairmanpanda/codeProject/TCD-CS-ASSIGNMENT-COLLECTION/vivado.log
# Journal file: /home/chairmanpanda/codeProject/TCD-CS-ASSIGNMENT-COLLECTION/vivado.jou
#-----------------------------------------------------------
start_gui
open_project /home/chairmanpanda/codeProject/TCD-CS-ASSIGNMENT-COLLECTION/year2/CS2022-computer-Architecture/project_3/project_1.xpr
INFO: [Project 1-313] Project file moved from '/home/chairmanpanda/codeProject/2019/architure/project_3' since last save.
Scanning sources...
Finished scanning sources
INFO: [IP_Flow 19-234] Refreshing IP repositories
INFO: [IP_Flow 19-1704] No user IP repositories specified
INFO: [IP_Flow 19-2313] Loaded Vivado IP repository '/home/chairmanpanda/Programs/xilinx/Vivado/2018.3/data/ip'.
update_compile_order -fileset sources_1
exit
